DSA info (from DSE):
  Supported LDAP versions: 3
  Naming contexts: 
    dc=mondomaine,dc=com
  Supported controls: 
    1.2.826.0.1.3344810.2.3 - Matched Values - Control - RFC3876
    1.2.840.113556.1.4.319 - LDAP Simple Paged Results - Control - RFC2696
    1.3.6.1.1.12 - Assertion - Control - RFC4528
    1.3.6.1.1.13.1 - LDAP Pre-read - Control - RFC4527
    1.3.6.1.1.13.2 - LDAP Post-read - Control - RFC4527
    1.3.6.1.1.22 - LDAP Don't Use Copy - Control - RFC6171
    1.3.6.1.4.1.4203.1.10.1 - Subentries - Control - RFC3672
    2.16.840.1.113730.3.4.18 - Proxy Authorization Control - Control - RFC6171
    2.16.840.1.113730.3.4.2 - ManageDsaIT - Control - RFC3296
  Supported extensions: 
    1.3.6.1.1.8 - Cancel Operation - Extension - RFC3909
    1.3.6.1.4.1.4203.1.11.1 - Modify Password - Extension - RFC3062
    1.3.6.1.4.1.4203.1.11.3 - Who am I - Extension - RFC4532
  Supported features: 
    1.3.6.1.1.14 - Modify-Increment - Feature - RFC4525
    1.3.6.1.4.1.4203.1.5.1 - All Op Attrs - Feature - RFC3673
    1.3.6.1.4.1.4203.1.5.2 - OC AD Lists - Feature - RFC4529
    1.3.6.1.4.1.4203.1.5.3 - True/False filters - Feature - RFC4526
    1.3.6.1.4.1.4203.1.5.4 - Language Tag Options - Feature - RFC3866
    1.3.6.1.4.1.4203.1.5.5 - language Range Options - Feature - RFC3866
  Supported SASL mechanisms: 
    DIGEST-MD5, CRAM-MD5, NTLM
  Schema entry: 
    cn=Subschema
Other:
  objectClass: 
    top
    OpenLDAProotDSE
  structuralObjectClass: 
OpenLDAProotDSE
  configContext: 
    cn=config
  entryDN: 

